<?xml version="1.0" encoding="UTF-8"?>
<testng-results ignored="4" total="8" passed="2" failed="2" skipped="0">
  <reporter-output>
  </reporter-output>
  <suite started-at="2021-12-28T10:22:57 IST" name="Suite" finished-at="2021-12-28T10:24:35 IST" duration-ms="98438">
    <groups>
      <group name="RegressionSuite">
        <method signature="CreatingOrgNGTest.CreatingOrgNGTest()[pri:0, instance:com.crm.practicetest.CreatingOrgNGTest@47faa49c]" name="CreatingOrgNGTest" class="com.crm.practicetest.CreatingOrgNGTest"/>
        <method signature="CreatingOrgNGTest.CreatingOrgNGTest()[pri:0, instance:com.crm.practicetest.CreatingOrgNGTest@3c7f66c4]" name="CreatingOrgNGTest" class="com.crm.practicetest.CreatingOrgNGTest"/>
      </group> <!-- RegressionSuite -->
    </groups>
    <test started-at="2021-12-28T10:22:57 IST" name="Test" finished-at="2021-12-28T10:23:45 IST" duration-ms="48410">
      <class name="com.crm.practicetest.CreatingContactNgTest">
        <test-method is-config="true" signature="launchBrowser()[pri:0, instance:com.crm.practicetest.CreatingContactNgTest@383bfa16]" started-at="2021-12-28T10:22:57 IST" name="launchBrowser" finished-at="2021-12-28T10:23:03 IST" duration-ms="6488" status="PASS">
          <reporter-output>
          </reporter-output>
        </test-method> <!-- launchBrowser -->
        <test-method is-config="true" signature="loginToApp()[pri:0, instance:com.crm.practicetest.CreatingContactNgTest@383bfa16]" started-at="2021-12-28T10:23:03 IST" name="loginToApp" finished-at="2021-12-28T10:23:09 IST" duration-ms="5182" status="PASS">
          <reporter-output>
          </reporter-output>
        </test-method> <!-- loginToApp -->
        <test-method signature="CreatingContactNgTest()[pri:0, instance:com.crm.practicetest.CreatingContactNgTest@383bfa16]" started-at="2021-12-28T10:23:09 IST" name="CreatingContactNgTest" finished-at="2021-12-28T10:23:43 IST" duration-ms="33991" status="FAIL">
          <exception class="org.openqa.selenium.NoSuchElementException">
            <message>
              <![CDATA[no such element: Unable to locate element: {"method":"css selector","selector":"*[name='lastname']"}
  (Session info: chrome=96.0.4664.110)
For documentation on this error, please visit: https://www.seleniumhq.org/exceptions/no_such_element.html
Build info: version: '3.141.59', revision: 'e82be7d358', time: '2018-11-14T08:17:03'
System info: host: 'DESKTOP-G5SBJCF', ip: '127.0.0.1', os.name: 'Windows 10', os.arch: 'amd64', os.version: '10.0', java.version: '17.0.1'
Driver info: org.openqa.selenium.chrome.ChromeDriver
Capabilities {acceptInsecureCerts: false, browserName: chrome, browserVersion: 96.0.4664.110, chrome: {chromedriverVersion: 96.0.4664.45 (76e4c1bb2ab46..., userDataDir: C:\Users\Dell\AppData\Local...}, goog:chromeOptions: {debuggerAddress: localhost:56667}, javascriptEnabled: true, networkConnectionEnabled: false, pageLoadStrategy: normal, platform: WINDOWS, platformName: WINDOWS, proxy: Proxy(), setWindowRect: true, strictFileInteractability: false, timeouts: {implicit: 0, pageLoad: 300000, script: 30000}, unhandledPromptBehavior: dismiss and notify, webauthn:extension:credBlob: true, webauthn:extension:largeBlob: true, webauthn:virtualAuthenticators: true}
Session ID: a95203c20a7cf4e9f78045b9d49242c0
*** Element info: {Using=name, value=lastname}]]>
            </message>
            <full-stacktrace>
              <![CDATA[org.openqa.selenium.NoSuchElementException: no such element: Unable to locate element: {"method":"css selector","selector":"*[name='lastname']"}
  (Session info: chrome=96.0.4664.110)
For documentation on this error, please visit: https://www.seleniumhq.org/exceptions/no_such_element.html
Build info: version: '3.141.59', revision: 'e82be7d358', time: '2018-11-14T08:17:03'
System info: host: 'DESKTOP-G5SBJCF', ip: '127.0.0.1', os.name: 'Windows 10', os.arch: 'amd64', os.version: '10.0', java.version: '17.0.1'
Driver info: org.openqa.selenium.chrome.ChromeDriver
Capabilities {acceptInsecureCerts: false, browserName: chrome, browserVersion: 96.0.4664.110, chrome: {chromedriverVersion: 96.0.4664.45 (76e4c1bb2ab46..., userDataDir: C:\Users\Dell\AppData\Local...}, goog:chromeOptions: {debuggerAddress: localhost:56667}, javascriptEnabled: true, networkConnectionEnabled: false, pageLoadStrategy: normal, platform: WINDOWS, platformName: WINDOWS, proxy: Proxy(), setWindowRect: true, strictFileInteractability: false, timeouts: {implicit: 0, pageLoad: 300000, script: 30000}, unhandledPromptBehavior: dismiss and notify, webauthn:extension:credBlob: true, webauthn:extension:largeBlob: true, webauthn:virtualAuthenticators: true}
Session ID: a95203c20a7cf4e9f78045b9d49242c0
*** Element info: {Using=name, value=lastname}
at java.base/jdk.internal.reflect.NativeConstructorAccessorImpl.newInstance0(Native Method)
at java.base/jdk.internal.reflect.NativeConstructorAccessorImpl.newInstance(NativeConstructorAccessorImpl.java:77)
at java.base/jdk.internal.reflect.DelegatingConstructorAccessorImpl.newInstance(DelegatingConstructorAccessorImpl.java:45)
at java.base/java.lang.reflect.Constructor.newInstanceWithCaller(Constructor.java:499)
at java.base/java.lang.reflect.Constructor.newInstance(Constructor.java:480)
at org.openqa.selenium.remote.http.W3CHttpResponseCodec.createException(W3CHttpResponseCodec.java:187)
at org.openqa.selenium.remote.http.W3CHttpResponseCodec.decode(W3CHttpResponseCodec.java:122)
at org.openqa.selenium.remote.http.W3CHttpResponseCodec.decode(W3CHttpResponseCodec.java:49)
at org.openqa.selenium.remote.HttpCommandExecutor.execute(HttpCommandExecutor.java:158)
at org.openqa.selenium.remote.service.DriverCommandExecutor.execute(DriverCommandExecutor.java:83)
at org.openqa.selenium.remote.RemoteWebDriver.execute(RemoteWebDriver.java:552)
at org.openqa.selenium.remote.RemoteWebDriver.findElement(RemoteWebDriver.java:323)
at org.openqa.selenium.remote.RemoteWebDriver.findElementByName(RemoteWebDriver.java:404)
at org.openqa.selenium.By$ByName.findElement(By.java:284)
at org.openqa.selenium.remote.RemoteWebDriver.findElement(RemoteWebDriver.java:315)
at org.openqa.selenium.support.pagefactory.DefaultElementLocator.findElement(DefaultElementLocator.java:69)
at org.openqa.selenium.support.pagefactory.internal.LocatingElementHandler.invoke(LocatingElementHandler.java:38)
at jdk.proxy2/jdk.proxy2.$Proxy17.sendKeys(Unknown Source)
at com.crm.ObjectRepository.CreateContactPage.CreateContactPage(CreateContactPage.java:49)
at com.crm.practicetest.CreatingContactNgTest.CreatingContactNgTest(CreatingContactNgTest.java:37)
at java.base/jdk.internal.reflect.NativeMethodAccessorImpl.invoke0(Native Method)
at java.base/jdk.internal.reflect.NativeMethodAccessorImpl.invoke(NativeMethodAccessorImpl.java:77)
at java.base/jdk.internal.reflect.DelegatingMethodAccessorImpl.invoke(DelegatingMethodAccessorImpl.java:43)
at java.base/java.lang.reflect.Method.invoke(Method.java:568)
at org.testng.internal.MethodInvocationHelper.invokeMethod(MethodInvocationHelper.java:133)
at org.testng.internal.TestInvoker.invokeMethod(TestInvoker.java:598)
at org.testng.internal.TestInvoker.invokeTestMethod(TestInvoker.java:173)
at org.testng.internal.MethodRunner.runInSequence(MethodRunner.java:46)
at org.testng.internal.TestInvoker$MethodInvocationAgent.invoke(TestInvoker.java:824)
at org.testng.internal.TestInvoker.invokeTestMethods(TestInvoker.java:146)
at org.testng.internal.TestMethodWorker.invokeTestMethods(TestMethodWorker.java:146)
at org.testng.internal.TestMethodWorker.run(TestMethodWorker.java:128)
at java.base/java.util.concurrent.ThreadPoolExecutor.runWorker(ThreadPoolExecutor.java:1136)
at java.base/java.util.concurrent.ThreadPoolExecutor$Worker.run(ThreadPoolExecutor.java:635)
at java.base/java.lang.Thread.run(Thread.java:833)
]]>
            </full-stacktrace>
          </exception> <!-- org.openqa.selenium.NoSuchElementException -->
          <reporter-output>
          </reporter-output>
        </test-method> <!-- CreatingContactNgTest -->
        <test-method is-config="true" signature="logoutApp()[pri:0, instance:com.crm.practicetest.CreatingContactNgTest@383bfa16]" started-at="2021-12-28T10:23:43 IST" name="logoutApp" finished-at="2021-12-28T10:23:45 IST" duration-ms="2101" status="PASS">
          <reporter-output>
          </reporter-output>
        </test-method> <!-- logoutApp -->
        <test-method is-config="true" signature="closeBrowser()[pri:0, instance:com.crm.practicetest.CreatingContactNgTest@383bfa16]" started-at="2021-12-28T10:23:45 IST" name="closeBrowser" finished-at="2021-12-28T10:23:45 IST" duration-ms="293" status="PASS">
          <reporter-output>
          </reporter-output>
        </test-method> <!-- closeBrowser -->
      </class> <!-- com.crm.practicetest.CreatingContactNgTest -->
      <class name="com.crm.practicetest.CreatingOrgNGTest">
        <test-method is-config="true" signature="launchBrowser()[pri:0, instance:com.crm.practicetest.CreatingOrgNGTest@47faa49c]" started-at="2021-12-28T10:22:57 IST" name="launchBrowser" finished-at="2021-12-28T10:23:03 IST" duration-ms="6575" status="PASS">
          <reporter-output>
          </reporter-output>
        </test-method> <!-- launchBrowser -->
        <test-method is-config="true" signature="loginToApp()[pri:0, instance:com.crm.practicetest.CreatingOrgNGTest@47faa49c]" started-at="2021-12-28T10:23:03 IST" name="loginToApp" finished-at="2021-12-28T10:23:10 IST" duration-ms="6723" status="PASS">
          <reporter-output>
          </reporter-output>
        </test-method> <!-- loginToApp -->
        <test-method signature="CreatingOrgNGTest()[pri:0, instance:com.crm.practicetest.CreatingOrgNGTest@47faa49c]" started-at="2021-12-28T10:23:10 IST" name="CreatingOrgNGTest" finished-at="2021-12-28T10:23:32 IST" duration-ms="21888" status="PASS">
          <reporter-output>
          </reporter-output>
        </test-method> <!-- CreatingOrgNGTest -->
        <test-method is-config="true" signature="logoutApp()[pri:0, instance:com.crm.practicetest.CreatingOrgNGTest@47faa49c]" started-at="2021-12-28T10:23:32 IST" name="logoutApp" finished-at="2021-12-28T10:23:34 IST" duration-ms="2339" status="PASS">
          <reporter-output>
          </reporter-output>
        </test-method> <!-- logoutApp -->
        <test-method is-config="true" signature="closeBrowser()[pri:0, instance:com.crm.practicetest.CreatingOrgNGTest@47faa49c]" started-at="2021-12-28T10:23:34 IST" name="closeBrowser" finished-at="2021-12-28T10:23:35 IST" duration-ms="443" status="PASS">
          <reporter-output>
          </reporter-output>
        </test-method> <!-- closeBrowser -->
      </class> <!-- com.crm.practicetest.CreatingOrgNGTest -->
    </test> <!-- Test -->
    <test started-at="2021-12-28T10:23:45 IST" name="Test-2" finished-at="2021-12-28T10:24:35 IST" duration-ms="49986">
      <class name="com.crm.practicetest.CreatingOrgNGTest">
        <test-method is-config="true" signature="launchBrowser()[pri:0, instance:com.crm.practicetest.CreatingOrgNGTest@3c7f66c4]" started-at="2021-12-28T10:23:45 IST" name="launchBrowser" finished-at="2021-12-28T10:23:51 IST" duration-ms="5697" status="PASS">
          <reporter-output>
          </reporter-output>
        </test-method> <!-- launchBrowser -->
        <test-method is-config="true" signature="loginToApp()[pri:0, instance:com.crm.practicetest.CreatingOrgNGTest@3c7f66c4]" started-at="2021-12-28T10:23:51 IST" name="loginToApp" finished-at="2021-12-28T10:23:57 IST" duration-ms="6427" status="PASS">
          <reporter-output>
          </reporter-output>
        </test-method> <!-- loginToApp -->
        <test-method signature="CreatingOrgNGTest()[pri:0, instance:com.crm.practicetest.CreatingOrgNGTest@3c7f66c4]" started-at="2021-12-28T10:23:57 IST" name="CreatingOrgNGTest" finished-at="2021-12-28T10:24:24 IST" duration-ms="26884" status="PASS">
          <reporter-output>
          </reporter-output>
        </test-method> <!-- CreatingOrgNGTest -->
        <test-method is-config="true" signature="logoutApp()[pri:0, instance:com.crm.practicetest.CreatingOrgNGTest@3c7f66c4]" started-at="2021-12-28T10:24:24 IST" name="logoutApp" finished-at="2021-12-28T10:24:27 IST" duration-ms="2452" status="PASS">
          <reporter-output>
          </reporter-output>
        </test-method> <!-- logoutApp -->
        <test-method is-config="true" signature="closeBrowser()[pri:0, instance:com.crm.practicetest.CreatingOrgNGTest@3c7f66c4]" started-at="2021-12-28T10:24:27 IST" name="closeBrowser" finished-at="2021-12-28T10:24:27 IST" duration-ms="453" status="PASS">
          <reporter-output>
          </reporter-output>
        </test-method> <!-- closeBrowser -->
      </class> <!-- com.crm.practicetest.CreatingOrgNGTest -->
      <class name="com.crm.practicetest.CreatingContactNgTest">
        <test-method is-config="true" signature="dbconnection()[pri:0, instance:com.crm.practicetest.CreatingContactNgTest@3a44431a]" started-at="2021-12-28T10:22:57 IST" name="dbconnection" finished-at="2021-12-28T10:22:57 IST" duration-ms="16" status="PASS">
          <reporter-output>
          </reporter-output>
        </test-method> <!-- dbconnection -->
        <test-method is-config="true" signature="launchBrowser()[pri:0, instance:com.crm.practicetest.CreatingContactNgTest@3a44431a]" started-at="2021-12-28T10:23:45 IST" name="launchBrowser" finished-at="2021-12-28T10:23:51 IST" duration-ms="5658" status="PASS">
          <reporter-output>
          </reporter-output>
        </test-method> <!-- launchBrowser -->
        <test-method is-config="true" signature="loginToApp()[pri:0, instance:com.crm.practicetest.CreatingContactNgTest@3a44431a]" started-at="2021-12-28T10:23:51 IST" name="loginToApp" finished-at="2021-12-28T10:23:56 IST" duration-ms="4949" status="PASS">
          <reporter-output>
          </reporter-output>
        </test-method> <!-- loginToApp -->
        <test-method signature="CreatingContactNgTest()[pri:0, instance:com.crm.practicetest.CreatingContactNgTest@3a44431a]" started-at="2021-12-28T10:23:56 IST" name="CreatingContactNgTest" finished-at="2021-12-28T10:24:33 IST" duration-ms="36901" status="FAIL">
          <exception class="org.openqa.selenium.NoSuchElementException">
            <message>
              <![CDATA[no such element: Unable to locate element: {"method":"css selector","selector":"*[name='lastname']"}
  (Session info: chrome=96.0.4664.110)
For documentation on this error, please visit: https://www.seleniumhq.org/exceptions/no_such_element.html
Build info: version: '3.141.59', revision: 'e82be7d358', time: '2018-11-14T08:17:03'
System info: host: 'DESKTOP-G5SBJCF', ip: '127.0.0.1', os.name: 'Windows 10', os.arch: 'amd64', os.version: '10.0', java.version: '17.0.1'
Driver info: org.openqa.selenium.chrome.ChromeDriver
Capabilities {acceptInsecureCerts: false, browserName: chrome, browserVersion: 96.0.4664.110, chrome: {chromedriverVersion: 96.0.4664.45 (76e4c1bb2ab46..., userDataDir: C:\Users\Dell\AppData\Local...}, goog:chromeOptions: {debuggerAddress: localhost:56764}, javascriptEnabled: true, networkConnectionEnabled: false, pageLoadStrategy: normal, platform: WINDOWS, platformName: WINDOWS, proxy: Proxy(), setWindowRect: true, strictFileInteractability: false, timeouts: {implicit: 0, pageLoad: 300000, script: 30000}, unhandledPromptBehavior: dismiss and notify, webauthn:extension:credBlob: true, webauthn:extension:largeBlob: true, webauthn:virtualAuthenticators: true}
Session ID: 870f3aa17e9c0350750bd57ff3edd636
*** Element info: {Using=name, value=lastname}]]>
            </message>
            <full-stacktrace>
              <![CDATA[org.openqa.selenium.NoSuchElementException: no such element: Unable to locate element: {"method":"css selector","selector":"*[name='lastname']"}
  (Session info: chrome=96.0.4664.110)
For documentation on this error, please visit: https://www.seleniumhq.org/exceptions/no_such_element.html
Build info: version: '3.141.59', revision: 'e82be7d358', time: '2018-11-14T08:17:03'
System info: host: 'DESKTOP-G5SBJCF', ip: '127.0.0.1', os.name: 'Windows 10', os.arch: 'amd64', os.version: '10.0', java.version: '17.0.1'
Driver info: org.openqa.selenium.chrome.ChromeDriver
Capabilities {acceptInsecureCerts: false, browserName: chrome, browserVersion: 96.0.4664.110, chrome: {chromedriverVersion: 96.0.4664.45 (76e4c1bb2ab46..., userDataDir: C:\Users\Dell\AppData\Local...}, goog:chromeOptions: {debuggerAddress: localhost:56764}, javascriptEnabled: true, networkConnectionEnabled: false, pageLoadStrategy: normal, platform: WINDOWS, platformName: WINDOWS, proxy: Proxy(), setWindowRect: true, strictFileInteractability: false, timeouts: {implicit: 0, pageLoad: 300000, script: 30000}, unhandledPromptBehavior: dismiss and notify, webauthn:extension:credBlob: true, webauthn:extension:largeBlob: true, webauthn:virtualAuthenticators: true}
Session ID: 870f3aa17e9c0350750bd57ff3edd636
*** Element info: {Using=name, value=lastname}
at java.base/jdk.internal.reflect.NativeConstructorAccessorImpl.newInstance0(Native Method)
at java.base/jdk.internal.reflect.NativeConstructorAccessorImpl.newInstance(NativeConstructorAccessorImpl.java:77)
at java.base/jdk.internal.reflect.DelegatingConstructorAccessorImpl.newInstance(DelegatingConstructorAccessorImpl.java:45)
at java.base/java.lang.reflect.Constructor.newInstanceWithCaller(Constructor.java:499)
at java.base/java.lang.reflect.Constructor.newInstance(Constructor.java:480)
at org.openqa.selenium.remote.http.W3CHttpResponseCodec.createException(W3CHttpResponseCodec.java:187)
at org.openqa.selenium.remote.http.W3CHttpResponseCodec.decode(W3CHttpResponseCodec.java:122)
at org.openqa.selenium.remote.http.W3CHttpResponseCodec.decode(W3CHttpResponseCodec.java:49)
at org.openqa.selenium.remote.HttpCommandExecutor.execute(HttpCommandExecutor.java:158)
at org.openqa.selenium.remote.service.DriverCommandExecutor.execute(DriverCommandExecutor.java:83)
at org.openqa.selenium.remote.RemoteWebDriver.execute(RemoteWebDriver.java:552)
at org.openqa.selenium.remote.RemoteWebDriver.findElement(RemoteWebDriver.java:323)
at org.openqa.selenium.remote.RemoteWebDriver.findElementByName(RemoteWebDriver.java:404)
at org.openqa.selenium.By$ByName.findElement(By.java:284)
at org.openqa.selenium.remote.RemoteWebDriver.findElement(RemoteWebDriver.java:315)
at org.openqa.selenium.support.pagefactory.DefaultElementLocator.findElement(DefaultElementLocator.java:69)
at org.openqa.selenium.support.pagefactory.internal.LocatingElementHandler.invoke(LocatingElementHandler.java:38)
at jdk.proxy2/jdk.proxy2.$Proxy17.sendKeys(Unknown Source)
at com.crm.ObjectRepository.CreateContactPage.CreateContactPage(CreateContactPage.java:49)
at com.crm.practicetest.CreatingContactNgTest.CreatingContactNgTest(CreatingContactNgTest.java:37)
at java.base/jdk.internal.reflect.NativeMethodAccessorImpl.invoke0(Native Method)
at java.base/jdk.internal.reflect.NativeMethodAccessorImpl.invoke(NativeMethodAccessorImpl.java:77)
at java.base/jdk.internal.reflect.DelegatingMethodAccessorImpl.invoke(DelegatingMethodAccessorImpl.java:43)
at java.base/java.lang.reflect.Method.invoke(Method.java:568)
at org.testng.internal.MethodInvocationHelper.invokeMethod(MethodInvocationHelper.java:133)
at org.testng.internal.TestInvoker.invokeMethod(TestInvoker.java:598)
at org.testng.internal.TestInvoker.invokeTestMethod(TestInvoker.java:173)
at org.testng.internal.MethodRunner.runInSequence(MethodRunner.java:46)
at org.testng.internal.TestInvoker$MethodInvocationAgent.invoke(TestInvoker.java:824)
at org.testng.internal.TestInvoker.invokeTestMethods(TestInvoker.java:146)
at org.testng.internal.TestMethodWorker.invokeTestMethods(TestMethodWorker.java:146)
at org.testng.internal.TestMethodWorker.run(TestMethodWorker.java:128)
at java.base/java.util.concurrent.ThreadPoolExecutor.runWorker(ThreadPoolExecutor.java:1136)
at java.base/java.util.concurrent.ThreadPoolExecutor$Worker.run(ThreadPoolExecutor.java:635)
at java.base/java.lang.Thread.run(Thread.java:833)
]]>
            </full-stacktrace>
          </exception> <!-- org.openqa.selenium.NoSuchElementException -->
          <reporter-output>
          </reporter-output>
        </test-method> <!-- CreatingContactNgTest -->
        <test-method is-config="true" signature="logoutApp()[pri:0, instance:com.crm.practicetest.CreatingContactNgTest@3a44431a]" started-at="2021-12-28T10:24:33 IST" name="logoutApp" finished-at="2021-12-28T10:24:35 IST" duration-ms="2146" status="PASS">
          <reporter-output>
          </reporter-output>
        </test-method> <!-- logoutApp -->
        <test-method is-config="true" signature="closeBrowser()[pri:0, instance:com.crm.practicetest.CreatingContactNgTest@3a44431a]" started-at="2021-12-28T10:24:35 IST" name="closeBrowser" finished-at="2021-12-28T10:24:35 IST" duration-ms="320" status="PASS">
          <reporter-output>
          </reporter-output>
        </test-method> <!-- closeBrowser -->
        <test-method is-config="true" signature="closeDbconnection()[pri:0, instance:com.crm.practicetest.CreatingContactNgTest@3a44431a]" started-at="2021-12-28T10:24:35 IST" name="closeDbconnection" finished-at="2021-12-28T10:24:35 IST" duration-ms="0" status="PASS">
          <reporter-output>
          </reporter-output>
        </test-method> <!-- closeDbconnection -->
      </class> <!-- com.crm.practicetest.CreatingContactNgTest -->
    </test> <!-- Test-2 -->
  </suite> <!-- Suite -->
</testng-results>
